<?xml version="1.0" encoding="UTF-8"?>
<!-- Generated by org.testng.reporters.JUnitReportReporter -->
<testsuite skipped="0" hostname="DESKTOP-N52SP9I" name="API_Automation" tests="1" failures="0" timestamp="25 Oct 2018 05:50:44 GMT" time="18.042" errors="0">
  <testcase name="f" time="18.042" classname="API_Automation"/>
</testsuite> <!-- API_Automation -->
